10/Jul/2024 12:38:51  Build version: 2023.4 Release from 2023-05-04 (change 1108613)

10/Jul/2024 12:38:51  Starting adaptive port meshing.
                      
                      ------------------------------------------------------------------------------
10/Jul/2024 12:38:51  Mode calculation for port 1:
                      
                      ------------------------------------------------------------------------------

                      ------------------------------------------------------------------------------

                      ------------------------------------------------------------------------------
10/Jul/2024 12:38:53  Using Generalized port mode solver.
                      
                      ------------------------------------------------------------------------------
10/Jul/2024 12:38:54    -------------------------------- F-Calc 2.4 --------------------------------
                        Port   Mode   Type        Z-Wave        Z-Wave-Sigma  Z-Line        F-Cutoff
                        1      1      QTEM        260           3.88e-007     72.2          ---
                        ----------------------------------------------------------------------------
                      
10/Jul/2024 12:38:54  Pass 1 successfully completed. 

                      ------------------------------------------------------------------------------

                      ------------------------------------------------------------------------------
10/Jul/2024 12:38:57    -------------------------------- F-Calc 2.4 --------------------------------
                        Port   Mode   Type        Z-Wave        Z-Wave-Sigma  Z-Line        F-Cutoff
                        1      1      QTEM        215           5.43e-007     71            ---
                        ----------------------------------------------------------------------------
                      
10/Jul/2024 12:38:57  Pass 2 successfully completed. Delta (Line Imp.): 1.62%

                      ------------------------------------------------------------------------------

                      ------------------------------------------------------------------------------
10/Jul/2024 12:39:01    -------------------------------- F-Calc 2.4 --------------------------------
                        Port   Mode   Type        Z-Wave        Z-Wave-Sigma  Z-Line        F-Cutoff
                        1      1      QTEM        270           3.46e-009     66.9          ---
                        ----------------------------------------------------------------------------
                      
10/Jul/2024 12:39:01  Pass 3 successfully completed. Delta (Line Imp.): 6.22%

                      ------------------------------------------------------------------------------

                      ------------------------------------------------------------------------------
10/Jul/2024 12:39:06    -------------------------------- F-Calc 2.4 --------------------------------
                        Port   Mode   Type        Z-Wave        Z-Wave-Sigma  Z-Line        F-Cutoff
                        1      1      QTEM        234           1.91e-010     66            ---
                        ----------------------------------------------------------------------------
                      
10/Jul/2024 12:39:07  Pass 4 successfully completed. Delta (Line Imp.): 1.40%
10/Jul/2024 12:39:07  Adaptive port meshing finished. 
                      
                      ------------------------------------------------------------------------------
10/Jul/2024 12:39:07  *** Warning ***
                      
                      This software is licensed for personal and educational purposes only.
                      
                      ------------------------------------------------------------------------------
10/Jul/2024 12:39:07  The following farfield monitor(s) have been adjusted to model box [-30.7432,
                      36.4373, -39.2432, 39.2432, -2.4883, 3.9883]:
                        farfield (f=2.4).
                      For further information please check the page "Special Solver Parameters -
                      Solver" in the Online Help.
                      
                      ------------------------------------------------------------------------------
10/Jul/2024 12:39:07  
                      Solver started at: 12:39 PM Wednesday, 10. July 2024 (Nepal Standard Time)
                      
                        Module:  Time Domain: S-Parameter (Win 64)
                        Version: 2023.4 Release from 2023-05-04 (change 1108613)
                      

                      ------------------------------------------------------------------------------

                      ------------------------------------------------------------------------------
10/Jul/2024 12:39:07  ======================================================================
                       Solver cycle: 1
                      ======================================================================
                      
                      Stimulation at port 1 (mode 1) 
                      
                      
                      
                      ------------------------------------------------------------------------------
10/Jul/2024 12:39:07  Units settings: 
                      
                        Dimensions: mm
                        Frequency:  GHz
                        Time:       ns
                      
                      ------------------------------------------------------------------------------
10/Jul/2024 12:39:07  The dispersive material update [Automatic] will be performed using the "Standard" update schema
                      
                      ------------------------------------------------------------------------------
10/Jul/2024 12:39:14  Mesh statistics:
                      
                         Hexahedral mesh type: Perfect Boundary Approximation (PBA)
                            Version: default
                      
                         Parallelization type: domain decomposition
                            Number of parallel working threads: 2
                            Number of calculation domains used: 2
                      
                         Used point accuracy enhancement value: 75.00%.
                         Acceleration mode: CPU
                         Used point accuracy enhancement value: 73.00%.
                         PBA fill limit: 99.00% (inverse)

10/Jul/2024 12:39:14  Using Generalized port mode solver.
                      
                      ------------------------------------------------------------------------------
10/Jul/2024 12:39:15  Boundary conditions: 
                      
                        YZsymmetry: none
                        XZsymmetry: none
                        XYsymmetry: none
                      
                        Xmin: expanded open, 4 Layer, depth 33.0653 mm
                        Xmax: expanded open, 4 Layer, depth 37.4882 mm
                      
                        Ymin: expanded open, 4 Layer, depth 33.0653 mm
                        Ymax: expanded open, 4 Layer, depth 33.0653 mm
                      
                        Zmin: expanded open, 4 Layer, depth 33.2493 mm
                        Zmax: expanded open, 4 Layer, depth 33.2493 mm
                      
                        PML-Type: Convolution PML
                      
                      ------------------------------------------------------------------------------
10/Jul/2024 12:39:15  Frequency settings: 
                      
                        Fmin:         2.2
                        Fmax:         2.6
                        Nfsteps(lin): 1001
                      
                      ------------------------------------------------------------------------------
10/Jul/2024 12:39:15  Field update statistics:
                      
                        Number of components in total: 	398729
                        Number of TST and special elements:	335
                        Number of lossy metal components:	8254
                      
                      Subcycling state:      			Automatically deactivated
                      
                      ------------------------------------------------------------------------------
10/Jul/2024 12:39:15  Waveguide boundaries:
                      
10/Jul/2024 12:39:15  Port: 1
                      
10/Jul/2024 12:39:15    -------------------------------- F-Calc 2.4 --------------------------------
                        Port   Mode   Type        Z-Wave        Z-Wave-Sigma  Z-Line        F-Cutoff
                        1      1      QTEM        240           1.68e-007     66            ---
                        ----------------------------------------------------------------------------
                      
10/Jul/2024 12:39:15  Using standard absorber for unconsidered modes at port 1.
                      
                      ------------------------------------------------------------------------------
10/Jul/2024 12:39:20  
                      --------------------------------------------------------------------------------
10/Jul/2024 12:39:20  Steady state energy criterion met, solver finished successfully.
                      
                      ------------------------------------------------------------------------------
10/Jul/2024 12:39:20  Frequency domain results normalized to default signal.
                      
                      
                      ------------------------------------------------------------------------------
10/Jul/2024 12:39:20  
                        ----------------------------------------------------------------------------
                                            Peak memory used (kB)         Free physical memory (kB) 
                                                                          At begin     Minimum      
                        ----------------------------------------------------------------------------
                        CAD preparation     14752                         6291716      6291716      
                        Matrices calc.      112304                        6261718      6191406      
                        Solver run total    81992                         6311424      6203940      
                        ----------------------------------------------------------------------------
                      
                      --------------------------------------------------------------------------------
                      Solver Statistics:
                      
                        Hardware:
                           Computer name:                 	aviskar 
                      
                           Number of CPU threads:               8
                           Hardware info:                  	Hardware Accelerator Device not activated
                      
                        Number of mesh cells:             	63700
                        Excitation duration:              	1.77727437e+001 ns 
                        Calculation time for excitation:  	0 	s
                        Number of calculated pulse widths:	1.20145 
                        Steady state accuracy limit:      	-40	dB 
                        Simulated number of time steps:   	10521 
                        Maximum number of time steps:     	175138 
                        Time step width:
                           without subcycles:             	2.029566724e-003 ns
                           used:                          	2.029566724e-003 ns
                      
                        CAD preparation time:             	0      	s
                        Matrix calculation time:          	6 	s
                        Solver setup time:                	2 	s
                        Solver loop time:                 	3 	s
                        Solver post-processing time:      	0 	s
                                                          	------------
                        Total solver time:                	11 	s
                      
                      ------------------------------------------------------------------------------
10/Jul/2024 12:39:20  
                        Adaptive port meshing time:          	16     	s
                        Total solver time (all cycles):      	11     	s
                        Solver initialization and clean-up:  	2      	s
                                                             	------------
                        Total simulation time:               	29     	s
                      
                      ------------------------------------------------------------------------------
10/Jul/2024 12:39:20  Solver finished at: 12:39 PM Wednesday, 10. July 2024
                      
                      
                      
                      ------------------------------------------------------------------------------
10/Jul/2024 12:39:22  Creating parametric 1D results for Run ID 1
                      
                      ------------------------------------------------------------------------------
